<?xml version="1.0" encoding="UTF-8"?>
<!-- Generated by org.testng.reporters.JUnitReportReporter -->
<testsuite hostname="Rooja-PC" name="Demo.Demo" tests="1" failures="0" timestamp="3 Jan 2020 15:27:18 GMT" time="3.772" errors="0">
  <testcase name="openBrowser" time="3.772" classname="Demo.Demo"/>
</testsuite> <!-- Demo.Demo -->
